{"/Users/darlanmendonca/projects/rename-key/test.js":{"path":"/Users/darlanmendonca/projects/rename-key/test.js","s":{"1":1,"2":1,"3":1,"4":1,"5":1,"6":1,"7":1,"8":1,"9":1,"10":1,"11":1,"12":1,"13":1,"14":1,"15":1,"16":1,"17":1,"18":1,"19":1},"b":{},"f":{"1":1,"2":1},"fnMap":{"1":{"name":"(anonymous_1)","line":7,"loc":{"start":{"line":7,"column":19},"end":{"line":7,"column":33}}},"2":{"name":"(anonymous_2)","line":41,"loc":{"start":{"line":41,"column":14},"end":{"line":41,"column":39}}}},"statementMap":{"1":{"start":{"line":4,"column":0},"end":{"line":4,"column":30}},"2":{"start":{"line":5,"column":0},"end":{"line":5,"column":31}},"3":{"start":{"line":7,"column":0},"end":{"line":55,"column":3}},"4":{"start":{"line":8,"column":1},"end":{"line":11,"column":3}},"5":{"start":{"line":13,"column":1},"end":{"line":13,"column":36}},"6":{"start":{"line":15,"column":1},"end":{"line":18,"column":4}},"7":{"start":{"line":20,"column":1},"end":{"line":23,"column":4}},"8":{"start":{"line":25,"column":1},"end":{"line":25,"column":25}},"9":{"start":{"line":27,"column":1},"end":{"line":27,"column":34}},"10":{"start":{"line":29,"column":1},"end":{"line":33,"column":4}},"11":{"start":{"line":35,"column":1},"end":{"line":39,"column":4}},"12":{"start":{"line":41,"column":1},"end":{"line":41,"column":85}},"13":{"start":{"line":41,"column":41},"end":{"line":41,"column":58}},"14":{"start":{"line":41,"column":59},"end":{"line":41,"column":82}},"15":{"start":{"line":42,"column":1},"end":{"line":42,"column":58}},"16":{"start":{"line":44,"column":1},"end":{"line":44,"column":44}},"17":{"start":{"line":45,"column":1},"end":{"line":47,"column":36}},"18":{"start":{"line":49,"column":1},"end":{"line":52,"column":4}},"19":{"start":{"line":54,"column":1},"end":{"line":54,"column":9}}},"branchMap":{}},"/Users/darlanmendonca/projects/rename-key/index.js":{"path":"/Users/darlanmendonca/projects/rename-key/index.js","s":{"1":1,"2":4,"3":3,"4":3,"5":3,"6":4,"7":4,"8":4,"9":4},"b":{"1":[3,1],"2":[4,0]},"f":{"1":4},"fnMap":{"1":{"name":"(anonymous_1)","line":4,"loc":{"start":{"line":4,"column":17},"end":{"line":4,"column":51}}}},"statementMap":{"1":{"start":{"line":4,"column":0},"end":{"line":17,"column":2}},"2":{"start":{"line":5,"column":1},"end":{"line":9,"column":2}},"3":{"start":{"line":6,"column":2},"end":{"line":6,"column":20}},"4":{"start":{"line":7,"column":2},"end":{"line":7,"column":16}},"5":{"start":{"line":8,"column":2},"end":{"line":8,"column":13}},"6":{"start":{"line":11,"column":1},"end":{"line":14,"column":2}},"7":{"start":{"line":12,"column":2},"end":{"line":12,"column":30}},"8":{"start":{"line":13,"column":2},"end":{"line":13,"column":22}},"9":{"start":{"line":16,"column":1},"end":{"line":16,"column":12}}},"branchMap":{"1":{"line":5,"type":"if","locations":[{"start":{"line":5,"column":1},"end":{"line":5,"column":1}},{"start":{"line":5,"column":1},"end":{"line":5,"column":1}}]},"2":{"line":11,"type":"if","locations":[{"start":{"line":11,"column":1},"end":{"line":11,"column":1}},{"start":{"line":11,"column":1},"end":{"line":11,"column":1}}]}}}}