TN:
SF:/Users/darlanmendonca/projects/rename-key/test.js
FN:7,(anonymous_1)
FN:41,(anonymous_2)
FNF:2
FNH:2
FNDA:1,(anonymous_1)
FNDA:1,(anonymous_2)
DA:4,1
DA:5,1
DA:7,1
DA:8,1
DA:13,1
DA:15,1
DA:20,1
DA:25,1
DA:27,1
DA:29,1
DA:35,1
DA:41,1
DA:42,1
DA:44,1
DA:45,1
DA:49,1
DA:54,1
LF:17
LH:17
BRF:0
BRH:0
end_of_record
TN:
SF:/Users/darlanmendonca/projects/rename-key/index.js
FN:4,(anonymous_1)
FNF:1
FNH:1
FNDA:4,(anonymous_1)
DA:4,1
DA:5,4
DA:6,3
DA:7,3
DA:8,3
DA:11,4
DA:12,4
DA:13,4
DA:16,4
LF:9
LH:9
BRDA:5,1,0,3
BRDA:5,1,1,1
BRDA:11,2,0,4
BRDA:11,2,1,0
BRF:4
BRH:3
end_of_record
